\BOOKMARK [1][-]{section.1}{Objective}{}
\BOOKMARK [1][-]{section.2}{Convolution Filters}{}
\BOOKMARK [2][-]{subsection.2.1}{Introduction}{section.2}
\BOOKMARK [2][-]{subsection.2.2}{Example}{section.2}
\BOOKMARK [2][-]{subsection.2.3}{Special Cases}{section.2}
\BOOKMARK [2][-]{subsection.2.4}{Implementation}{section.2}
\BOOKMARK [2][-]{subsection.2.5}{High Pass Filter}{section.2}
\BOOKMARK [2][-]{subsection.2.6}{Low Pass Filter}{section.2}
\BOOKMARK [2][-]{subsection.2.7}{Gaussian Filter}{section.2}
\BOOKMARK [2][-]{subsection.2.8}{Sobel Filter}{section.2}
\BOOKMARK [1][-]{section.3}{Flood Fill}{}
\BOOKMARK [1][-]{section.4}{Pupil}{}
\BOOKMARK [2][-]{subsection.4.1}{Implementation}{section.4}
\BOOKMARK [3][-]{subsubsection.4.1.1}{Main}{subsection.4.1}
\BOOKMARK [3][-]{subsubsection.4.1.2}{Filter Phase}{subsection.4.1}
\BOOKMARK [3][-]{subsubsection.4.1.3}{Find Closed Region}{subsection.4.1}
\BOOKMARK [3][-]{subsubsection.4.1.4}{Find Diameter}{subsection.4.1}
\BOOKMARK [1][-]{section.5}{Results}{}
\BOOKMARK [2][-]{subsection.5.1}{Filters}{section.5}
\BOOKMARK [3][-]{subsubsection.5.1.1}{High Pass}{subsection.5.1}
\BOOKMARK [3][-]{subsubsection.5.1.2}{Low Pass}{subsection.5.1}
\BOOKMARK [3][-]{subsubsection.5.1.3}{Gaussian}{subsection.5.1}
\BOOKMARK [3][-]{subsubsection.5.1.4}{Sobel}{subsection.5.1}
\BOOKMARK [2][-]{subsection.5.2}{Pupil}{section.5}
