This is pdfTeX, Version 3.1415926-1.40.10 (TeX Live 2009/Debian) (format=pdflatex 2015.10.23)  6 NOV 2015 22:56
entering extended mode
 %&-line parsing enabled.
**lab_report_1.tex
(./lab_report_1.tex
LaTeX2e <2009/09/24>
Babel <v3.8l> and hyphenation patterns for english, usenglishmax, dumylang, noh
yphenation, polish, loaded.
(/usr/share/texmf-texlive/tex/latex/base/article.cls
Document Class: article 2007/10/19 v1.4h Standard LaTeX document class
(/usr/share/texmf-texlive/tex/latex/base/size10.clo
File: size10.clo 2007/10/19 v1.4h Standard LaTeX file (size option)
)
\c@part=\count79
\c@section=\count80
\c@subsection=\count81
\c@subsubsection=\count82
\c@paragraph=\count83
\c@subparagraph=\count84
\c@figure=\count85
\c@table=\count86
\abovecaptionskip=\skip41
\belowcaptionskip=\skip42
\bibindent=\dimen102
)
(/usr/share/texmf-texlive/tex/latex/graphics/graphicx.sty
Package: graphicx 1999/02/16 v1.0f Enhanced LaTeX Graphics (DPC,SPQR)

(/usr/share/texmf-texlive/tex/latex/graphics/keyval.sty
Package: keyval 1999/03/16 v1.13 key=value parser (DPC)
\KV@toks@=\toks14
)
(/usr/share/texmf-texlive/tex/latex/graphics/graphics.sty
Package: graphics 2009/02/05 v1.0o Standard LaTeX Graphics (DPC,SPQR)

(/usr/share/texmf-texlive/tex/latex/graphics/trig.sty
Package: trig 1999/03/16 v1.09 sin cos tan (DPC)
)
(/etc/texmf/tex/latex/config/graphics.cfg
File: graphics.cfg 2009/08/28 v1.8 graphics configuration of TeX Live
)
Package graphics Info: Driver file: pdftex.def on input line 91.

(/usr/share/texmf-texlive/tex/latex/pdftex-def/pdftex.def
File: pdftex.def 2010/03/12 v0.04p Graphics/color for pdfTeX
\Gread@gobject=\count87
))
\Gin@req@height=\dimen103
\Gin@req@width=\dimen104
)
(/usr/share/texmf-texlive/tex/latex/natbib/natbib.sty
Package: natbib 2009/07/16 8.31 (PWD, AO)
\bibhang=\skip43
\bibsep=\skip44
LaTeX Info: Redefining \cite on input line 694.
\c@NAT@ctr=\count88
)
(/usr/share/texmf-texlive/tex/latex/amsmath/amsmath.sty
Package: amsmath 2000/07/18 v2.13 AMS math features
\@mathmargin=\skip45

For additional information on amsmath, use the `?' option.
(/usr/share/texmf-texlive/tex/latex/amsmath/amstext.sty
Package: amstext 2000/06/29 v2.01

(/usr/share/texmf-texlive/tex/latex/amsmath/amsgen.sty
File: amsgen.sty 1999/11/30 v2.0
\@emptytoks=\toks15
\ex@=\dimen105
))
(/usr/share/texmf-texlive/tex/latex/amsmath/amsbsy.sty
Package: amsbsy 1999/11/29 v1.2d
\pmbraise@=\dimen106
)
(/usr/share/texmf-texlive/tex/latex/amsmath/amsopn.sty
Package: amsopn 1999/12/14 v2.01 operator names
)
\inf@bad=\count89
LaTeX Info: Redefining \frac on input line 211.
\uproot@=\count90
\leftroot@=\count91
LaTeX Info: Redefining \overline on input line 307.
\classnum@=\count92
\DOTSCASE@=\count93
LaTeX Info: Redefining \ldots on input line 379.
LaTeX Info: Redefining \dots on input line 382.
LaTeX Info: Redefining \cdots on input line 467.
\Mathstrutbox@=\box26
\strutbox@=\box27
\big@size=\dimen107
LaTeX Font Info:    Redeclaring font encoding OML on input line 567.
LaTeX Font Info:    Redeclaring font encoding OMS on input line 568.
\macc@depth=\count94
\c@MaxMatrixCols=\count95
\dotsspace@=\muskip10
\c@parentequation=\count96
\dspbrk@lvl=\count97
\tag@help=\toks16
\row@=\count98
\column@=\count99
\maxfields@=\count100
\andhelp@=\toks17
\eqnshift@=\dimen108
\alignsep@=\dimen109
\tagshift@=\dimen110
\tagwidth@=\dimen111
\totwidth@=\dimen112
\lineht@=\dimen113
\@envbody=\toks18
\multlinegap=\skip46
\multlinetaggap=\skip47
\mathdisplay@stack=\toks19
LaTeX Info: Redefining \[ on input line 2666.
LaTeX Info: Redefining \] on input line 2667.
)
(/usr/share/texmf-texlive/tex/latex/amsfonts/amssymb.sty
Package: amssymb 2009/06/22 v3.00

(/usr/share/texmf-texlive/tex/latex/amsfonts/amsfonts.sty
Package: amsfonts 2009/06/22 v3.00 Basic AMSFonts support
\symAMSa=\mathgroup4
\symAMSb=\mathgroup5
LaTeX Font Info:    Overwriting math alphabet `\mathfrak' in version `bold'
(Font)                  U/euf/m/n --> U/euf/b/n on input line 96.
))
(/usr/share/texmf-texlive/tex/latex/float/float.sty
Package: float 2001/11/08 v1.3d Float enhancements (AL)
\c@float@type=\count101
\float@exts=\toks20
\float@box=\box28
\@float@everytoks=\toks21
\@floatcapt=\box29
)
(/usr/share/texmf-texlive/tex/latex/caption/caption.sty
Package: caption 2009/10/09 v3.1k Customizing captions (AR)

(/usr/share/texmf-texlive/tex/latex/caption/caption3.sty
Package: caption3 2009/10/09 v3.1k caption3 kernel (AR)
\captionmargin=\dimen114
\captionmargin@=\dimen115
\captionwidth=\dimen116
\caption@indent=\dimen117
\caption@parindent=\dimen118
\caption@hangindent=\dimen119
)
\c@ContinuedFloat=\count102
Package caption Info: float package is loaded.
)
(/usr/share/texmf-texlive/tex/latex/enumitem/enumitem.sty
Package: enumitem 2009/05/18 v2.2 Customized lists
\enit@toks=\toks22
\labelindent=\skip48
\enit@outerparindent=\dimen120
\enitdp@desc=\count103
)
(/usr/share/texmf-texlive/tex/latex/booktabs/booktabs.sty
Package: booktabs 2005/04/14 v1.61803 publication quality tables
\heavyrulewidth=\dimen121
\lightrulewidth=\dimen122
\cmidrulewidth=\dimen123
\belowrulesep=\dimen124
\belowbottomsep=\dimen125
\aboverulesep=\dimen126
\abovetopsep=\dimen127
\cmidrulesep=\dimen128
\cmidrulekern=\dimen129
\defaultaddspace=\dimen130
\@cmidla=\count104
\@cmidlb=\count105
\@aboverulesep=\dimen131
\@belowrulesep=\dimen132
\@thisruleclass=\count106
\@lastruleclass=\count107
\@thisrulewidth=\dimen133
)
(/usr/share/texmf-texlive/tex/latex/multirow/multirow.sty
\bigstrutjot=\dimen134
)
(/usr/share/texmf-texlive/tex/latex/caption/subcaption.sty
Package: subcaption 2008/08/31 v1.0b Adding subcaptions (AR)
\c@subfigure=\count108
\c@subtable=\count109
)
\@float@every@table=\toks23
 (./lab_report_1.aux

LaTeX Warning: Label `fig:original_img' multiply defined.


LaTeX Warning: Label `sub@fig:original_img' multiply defined.


LaTeX Warning: Label `fig:gray_img' multiply defined.


LaTeX Warning: Label `sub@fig:gray_img' multiply defined.


LaTeX Warning: Label `fig:original_img' multiply defined.


LaTeX Warning: Label `sub@fig:original_img' multiply defined.


LaTeX Warning: Label `fig:gray_img' multiply defined.


LaTeX Warning: Label `sub@fig:gray_img' multiply defined.


LaTeX Warning: Label `fig:original_img' multiply defined.


LaTeX Warning: Label `sub@fig:original_img' multiply defined.


LaTeX Warning: Label `fig:gray_img' multiply defined.


LaTeX Warning: Label `sub@fig:gray_img' multiply defined.


LaTeX Warning: Label `fig:source_img' multiply defined.


LaTeX Warning: Label `fig:' multiply defined.


LaTeX Warning: Label `sub@fig:' multiply defined.


LaTeX Warning: Label `fig:' multiply defined.


LaTeX Warning: Label `sub@fig:' multiply defined.


LaTeX Warning: Label `fig:original_img' multiply defined.


LaTeX Warning: Label `sub@fig:original_img' multiply defined.


LaTeX Warning: Label `fig:gray_img' multiply defined.


LaTeX Warning: Label `sub@fig:gray_img' multiply defined.


LaTeX Warning: Label `fig:original_img' multiply defined.


LaTeX Warning: Label `sub@fig:original_img' multiply defined.


LaTeX Warning: Label `fig:gray_img' multiply defined.


LaTeX Warning: Label `sub@fig:gray_img' multiply defined.


LaTeX Warning: Label `fig:original_img' multiply defined.


LaTeX Warning: Label `sub@fig:original_img' multiply defined.


LaTeX Warning: Label `fig:gray_img' multiply defined.


LaTeX Warning: Label `sub@fig:gray_img' multiply defined.

)
\openout1 = `lab_report_1.aux'.

LaTeX Font Info:    Checking defaults for OML/cmm/m/it on input line 51.
LaTeX Font Info:    ... okay on input line 51.
LaTeX Font Info:    Checking defaults for T1/cmr/m/n on input line 51.
LaTeX Font Info:    ... okay on input line 51.
LaTeX Font Info:    Checking defaults for OT1/cmr/m/n on input line 51.
LaTeX Font Info:    ... okay on input line 51.
LaTeX Font Info:    Checking defaults for OMS/cmsy/m/n on input line 51.
LaTeX Font Info:    ... okay on input line 51.
LaTeX Font Info:    Checking defaults for OMX/cmex/m/n on input line 51.
LaTeX Font Info:    ... okay on input line 51.
LaTeX Font Info:    Checking defaults for U/cmr/m/n on input line 51.
LaTeX Font Info:    ... okay on input line 51.
 (/usr/share/texmf-texlive/tex/context/base/supp-pdf.mkii
[Loading MPS to PDF converter (version 2006.09.02).]
\scratchcounter=\count110
\scratchdimen=\dimen135
\scratchbox=\box30
\nofMPsegments=\count111
\nofMParguments=\count112
\everyMPshowfont=\toks24
\MPscratchCnt=\count113
\MPscratchDim=\dimen136
\MPnumerator=\count114
\everyMPtoPDFconversion=\toks25
)
Package caption Info: Begin \AtBeginDocument code.
Package caption Info: End \AtBeginDocument code.
LaTeX Font Info:    Try loading font information for U+msa on input line 53.
 (/usr/share/texmf-texlive/tex/latex/amsfonts/umsa.fd
File: umsa.fd 2009/06/22 v3.00 AMS symbols A
)
LaTeX Font Info:    Try loading font information for U+msb on input line 53.

(/usr/share/texmf-texlive/tex/latex/amsfonts/umsb.fd
File: umsb.fd 2009/06/22 v3.00 AMS symbols B
)
<res/mini.PNG, id=1, 376.40625pt x 367.3725pt>
File: res/mini.PNG Graphic file (type png)
 <use res/mini.PNG> [1

{/var/lib/texmf/fonts/map/pdftex/updmap/pdftex.map} <./res/mini.PNG>] (./lab_re
port_1.toc)
\tf@toc=\write3
\openout3 = `lab_report_1.toc'.

[2]
Underfull \hbox (badness 10000) in paragraph at lines 98--104

 []

[3] <res/convo.png, id=29, 238.39063pt x 65.24374pt>
File: res/convo.png Graphic file (type png)
 <use res/convo.png>
[4 <./res/convo.png (PNG copy)>]

LaTeX Warning: Reference `alg_compute_kernel' on page 5 undefined on input line
 197.

<res/algorithms/compute.png, id=34, 507.8975pt x 287.0725pt>
File: res/algorithms/compute.png Graphic file (type png)

<use res/algorithms/compute.png>
<res/algorithms/computeKernel.png, id=35, 668.4975pt x 817.0525pt>
File: res/algorithms/computeKernel.png Graphic file (type png)

<use res/algorithms/computeKernel.png> [5 <./res/algorithms/compute.png (PNG co
py)>] <res/algorithms/getKernelPoint.png, id=39, 449.68pt x 112.42pt>
File: res/algorithms/getKernelPoint.png Graphic file (type png)

<use res/algorithms/getKernelPoint.png> [6 <./res/algorithms/computeKernel.png 
(PNG copy)> <./res/algorithms/getKernelPoint.png (PNG copy)>]
<res/high_pass_graph.png, id=43, 687.56876pt x 664.4825pt>
File: res/high_pass_graph.png Graphic file (type png)

<use res/high_pass_graph.png>
<res/algorithms/high_pass.png, id=44, 491.8375pt x 365.365pt>
File: res/algorithms/high_pass.png Graphic file (type png)

<use res/algorithms/high_pass.png> [7 <./res/high_pass_graph.png (PNG copy)>]
<res/low_pass_graph.png, id=49, 705.63625pt x 643.40375pt>
File: res/low_pass_graph.png Graphic file (type png)

<use res/low_pass_graph.png>
<res/algorithms/low_pass.png, id=50, 495.8525pt x 363.3575pt>
File: res/algorithms/low_pass.png Graphic file (type png)

<use res/algorithms/low_pass.png> [8 <./res/algorithms/high_pass.png (PNG copy)
> <./res/low_pass_graph.png (PNG copy)>]
<res/algorithms/gaussian.png, id=54, 476.78125pt x 368.37625pt>
File: res/algorithms/gaussian.png Graphic file (type png)

<use res/algorithms/gaussian.png> [9 <./res/algorithms/low_pass.png (PNG copy)>
] <res/algorithms/computeKernel_sobel.png, id=58, 914.41624pt x 607.26875pt>
File: res/algorithms/computeKernel_sobel.png Graphic file (type png)

<use res/algorithms/computeKernel_sobel.png>
<res/algorithms/computeNeighbours.png, id=59, 657.45625pt x 748.7975pt>
File: res/algorithms/computeNeighbours.png Graphic file (type png)

<use res/algorithms/computeNeighbours.png> [10 <./res/algorithms/gaussian.png (
PNG copy)> <./res/algorithms/computeKernel_sobel.png (PNG copy)>] [11 <./res/al
gorithms/computeNeighbours.png (PNG copy)>]
<res/index.jpg, id=66, 501.875pt x 288.07625pt>
File: res/index.jpg Graphic file (type jpg)
 <use res/index.jpg>
<res/high_pass.jpg, id=67, 501.875pt x 288.07625pt>
File: res/high_pass.jpg Graphic file (type jpg)
 <use res/high_pass.jpg>
File: res/index.jpg Graphic file (type jpg)

<use res/index.jpg> <res/low_pass.jpg, id=68, 501.875pt x 288.07625pt>
File: res/low_pass.jpg Graphic file (type jpg)

<use res/low_pass.jpg>
File: res/index.jpg Graphic file (type jpg)
 <use res/index.jpg>
<res/gaussian.jpg, id=69, 501.875pt x 288.07625pt>
File: res/gaussian.jpg Graphic file (type jpg)
 <use res/gaussian.jpg>
[12 <./res/index.jpg> <./res/high_pass.jpg> <./res/low_pass.jpg>]
File: res/index.jpg Graphic file (type jpg)

<use res/index.jpg> <res/sobel.jpg, id=74, 501.875pt x 288.07625pt>
File: res/sobel.jpg Graphic file (type jpg)

<use res/sobel.jpg>
File: res/index.jpg Graphic file (type jpg)
 <use res/index.jpg>
<res/pupil/low_pass_n.jpg, id=75, 501.875pt x 288.07625pt>
File: res/pupil/low_pass_n.jpg Graphic file (type jpg)

<use res/pupil/low_pass_n.jpg>
<res/pupil/low_pass_nn.jpg, id=76, 501.875pt x 288.07625pt>
File: res/pupil/low_pass_nn.jpg Graphic file (type jpg)

<use res/pupil/low_pass_nn.jpg>
File: res/pupil/low_pass_n.jpg Graphic file (type jpg)
 <use res/pupil/low_pass_n.jpg>
<res/pupil/gray_n.jpg, id=77, 501.875pt x 288.07625pt>
File: res/pupil/gray_n.jpg Graphic file (type jpg)

<use res/pupil/gray_n.jpg> [13 <./res/gaussian.jpg> <./res/sobel.jpg> <./res/pu
pil/low_pass_n.jpg> <./res/pupil/low_pass_nn.jpg>]
File: res/pupil/gray_n.jpg Graphic file (type jpg)
 <use res/pupil/gray_n.jpg>
<res/pupil/thresh_n10.jpg, id=82, 501.875pt x 288.07625pt>
File: res/pupil/thresh_n10.jpg Graphic file (type jpg)

<use res/pupil/thresh_n10.jpg>
File: res/pupil/thresh_n10.jpg Graphic file (type jpg)
 <use res/pupil/thresh_n10.jpg>
<res/pupil/sobel_n.jpg, id=83, 501.875pt x 288.07625pt>
File: res/pupil/sobel_n.jpg Graphic file (type jpg)

<use res/pupil/sobel_n.jpg>
No file lab_report_1.bbl.
[14 <./res/pupil/gray_n.jpg> <./res/pupil/thresh_n10.jpg> <./res/pupil/sobel_n.
jpg>] (./lab_report_1.aux)

LaTeX Warning: There were undefined references.


LaTeX Warning: There were multiply-defined labels.

 ) 
Here is how much of TeX's memory you used:
 3552 strings out of 495026
 50298 string characters out of 1181801
 113960 words of memory out of 3000000
 6685 multiletter control sequences out of 15000+50000
 12449 words of font info for 48 fonts, out of 3000000 for 9000
 48 hyphenation exceptions out of 8191
 36i,9n,38p,832b,429s stack positions out of 5000i,500n,10000p,200000b,50000s
</usr/share/texmf-texlive/fonts/type1/public/amsfonts/cm/cmbx10.pfb></usr/sha
re/texmf-texlive/fonts/type1/public/amsfonts/cm/cmbx12.pfb></usr/share/texmf-te
xlive/fonts/type1/public/amsfonts/cm/cmcsc10.pfb></usr/share/texmf-texlive/font
s/type1/public/amsfonts/cm/cmex10.pfb></usr/share/texmf-texlive/fonts/type1/pub
lic/amsfonts/cmextra/cmex7.pfb></usr/share/texmf-texlive/fonts/type1/public/ams
fonts/cm/cmmi10.pfb></usr/share/texmf-texlive/fonts/type1/public/amsfonts/cm/cm
mi5.pfb></usr/share/texmf-texlive/fonts/type1/public/amsfonts/cm/cmmi7.pfb></us
r/share/texmf-texlive/fonts/type1/public/amsfonts/cm/cmr10.pfb></usr/share/texm
f-texlive/fonts/type1/public/amsfonts/cm/cmr12.pfb></usr/share/texmf-texlive/fo
nts/type1/public/amsfonts/cm/cmr17.pfb></usr/share/texmf-texlive/fonts/type1/pu
blic/amsfonts/cm/cmr7.pfb></usr/share/texmf-texlive/fonts/type1/public/amsfonts
/cm/cmr9.pfb></usr/share/texmf-texlive/fonts/type1/public/amsfonts/cm/cmsy10.pf
b></usr/share/texmf-texlive/fonts/type1/public/amsfonts/cm/cmsy7.pfb></usr/shar
e/texmf-texlive/fonts/type1/public/amsfonts/cm/cmti10.pfb>
Output written on lab_report_1.pdf (14 pages, 889255 bytes).
PDF statistics:
 137 PDF objects out of 1000 (max. 8388607)
 0 named destinations out of 1000 (max. 500000)
 111 words of extra memory for PDF output out of 10000 (max. 10000000)

