This is pdfTeX, Version 3.1415926-1.40.10 (TeX Live 2009/Debian) (format=pdflatex 2015.10.23)  23 OCT 2015 23:32
entering extended mode
 %&-line parsing enabled.
**lab_report_1.tex
(./lab_report_1.tex
LaTeX2e <2009/09/24>
Babel <v3.8l> and hyphenation patterns for english, usenglishmax, dumylang, noh
yphenation, polish, loaded.
(/usr/share/texmf-texlive/tex/latex/base/article.cls
Document Class: article 2007/10/19 v1.4h Standard LaTeX document class
(/usr/share/texmf-texlive/tex/latex/base/size10.clo
File: size10.clo 2007/10/19 v1.4h Standard LaTeX file (size option)
)
\c@part=\count79
\c@section=\count80
\c@subsection=\count81
\c@subsubsection=\count82
\c@paragraph=\count83
\c@subparagraph=\count84
\c@figure=\count85
\c@table=\count86
\abovecaptionskip=\skip41
\belowcaptionskip=\skip42
\bibindent=\dimen102
)
(/usr/share/texmf-texlive/tex/latex/graphics/graphicx.sty
Package: graphicx 1999/02/16 v1.0f Enhanced LaTeX Graphics (DPC,SPQR)

(/usr/share/texmf-texlive/tex/latex/graphics/keyval.sty
Package: keyval 1999/03/16 v1.13 key=value parser (DPC)
\KV@toks@=\toks14
)
(/usr/share/texmf-texlive/tex/latex/graphics/graphics.sty
Package: graphics 2009/02/05 v1.0o Standard LaTeX Graphics (DPC,SPQR)

(/usr/share/texmf-texlive/tex/latex/graphics/trig.sty
Package: trig 1999/03/16 v1.09 sin cos tan (DPC)
)
(/etc/texmf/tex/latex/config/graphics.cfg
File: graphics.cfg 2009/08/28 v1.8 graphics configuration of TeX Live
)
Package graphics Info: Driver file: pdftex.def on input line 91.

(/usr/share/texmf-texlive/tex/latex/pdftex-def/pdftex.def
File: pdftex.def 2010/03/12 v0.04p Graphics/color for pdfTeX
\Gread@gobject=\count87
))
\Gin@req@height=\dimen103
\Gin@req@width=\dimen104
)
(/usr/share/texmf-texlive/tex/latex/natbib/natbib.sty
Package: natbib 2009/07/16 8.31 (PWD, AO)
\bibhang=\skip43
\bibsep=\skip44
LaTeX Info: Redefining \cite on input line 694.
\c@NAT@ctr=\count88
)
(/usr/share/texmf-texlive/tex/latex/amsmath/amsmath.sty
Package: amsmath 2000/07/18 v2.13 AMS math features
\@mathmargin=\skip45

For additional information on amsmath, use the `?' option.
(/usr/share/texmf-texlive/tex/latex/amsmath/amstext.sty
Package: amstext 2000/06/29 v2.01

(/usr/share/texmf-texlive/tex/latex/amsmath/amsgen.sty
File: amsgen.sty 1999/11/30 v2.0
\@emptytoks=\toks15
\ex@=\dimen105
))
(/usr/share/texmf-texlive/tex/latex/amsmath/amsbsy.sty
Package: amsbsy 1999/11/29 v1.2d
\pmbraise@=\dimen106
)
(/usr/share/texmf-texlive/tex/latex/amsmath/amsopn.sty
Package: amsopn 1999/12/14 v2.01 operator names
)
\inf@bad=\count89
LaTeX Info: Redefining \frac on input line 211.
\uproot@=\count90
\leftroot@=\count91
LaTeX Info: Redefining \overline on input line 307.
\classnum@=\count92
\DOTSCASE@=\count93
LaTeX Info: Redefining \ldots on input line 379.
LaTeX Info: Redefining \dots on input line 382.
LaTeX Info: Redefining \cdots on input line 467.
\Mathstrutbox@=\box26
\strutbox@=\box27
\big@size=\dimen107
LaTeX Font Info:    Redeclaring font encoding OML on input line 567.
LaTeX Font Info:    Redeclaring font encoding OMS on input line 568.
\macc@depth=\count94
\c@MaxMatrixCols=\count95
\dotsspace@=\muskip10
\c@parentequation=\count96
\dspbrk@lvl=\count97
\tag@help=\toks16
\row@=\count98
\column@=\count99
\maxfields@=\count100
\andhelp@=\toks17
\eqnshift@=\dimen108
\alignsep@=\dimen109
\tagshift@=\dimen110
\tagwidth@=\dimen111
\totwidth@=\dimen112
\lineht@=\dimen113
\@envbody=\toks18
\multlinegap=\skip46
\multlinetaggap=\skip47
\mathdisplay@stack=\toks19
LaTeX Info: Redefining \[ on input line 2666.
LaTeX Info: Redefining \] on input line 2667.
)
(/usr/share/texmf-texlive/tex/latex/amsfonts/amssymb.sty
Package: amssymb 2009/06/22 v3.00

(/usr/share/texmf-texlive/tex/latex/amsfonts/amsfonts.sty
Package: amsfonts 2009/06/22 v3.00 Basic AMSFonts support
\symAMSa=\mathgroup4
\symAMSb=\mathgroup5
LaTeX Font Info:    Overwriting math alphabet `\mathfrak' in version `bold'
(Font)                  U/euf/m/n --> U/euf/b/n on input line 96.
))
(/usr/share/texmf-texlive/tex/latex/float/float.sty
Package: float 2001/11/08 v1.3d Float enhancements (AL)
\c@float@type=\count101
\float@exts=\toks20
\float@box=\box28
\@float@everytoks=\toks21
\@floatcapt=\box29
)
(/usr/share/texmf-texlive/tex/latex/caption/caption.sty
Package: caption 2009/10/09 v3.1k Customizing captions (AR)

(/usr/share/texmf-texlive/tex/latex/caption/caption3.sty
Package: caption3 2009/10/09 v3.1k caption3 kernel (AR)
\captionmargin=\dimen114
\captionmargin@=\dimen115
\captionwidth=\dimen116
\caption@indent=\dimen117
\caption@parindent=\dimen118
\caption@hangindent=\dimen119
)
\c@ContinuedFloat=\count102
Package caption Info: float package is loaded.
)
(/usr/share/texmf-texlive/tex/latex/enumitem/enumitem.sty
Package: enumitem 2009/05/18 v2.2 Customized lists
\enit@toks=\toks22
\labelindent=\skip48
\enit@outerparindent=\dimen120
\enitdp@desc=\count103
)
(/usr/share/texmf-texlive/tex/latex/booktabs/booktabs.sty
Package: booktabs 2005/04/14 v1.61803 publication quality tables
\heavyrulewidth=\dimen121
\lightrulewidth=\dimen122
\cmidrulewidth=\dimen123
\belowrulesep=\dimen124
\belowbottomsep=\dimen125
\aboverulesep=\dimen126
\abovetopsep=\dimen127
\cmidrulesep=\dimen128
\cmidrulekern=\dimen129
\defaultaddspace=\dimen130
\@cmidla=\count104
\@cmidlb=\count105
\@aboverulesep=\dimen131
\@belowrulesep=\dimen132
\@thisruleclass=\count106
\@lastruleclass=\count107
\@thisrulewidth=\dimen133
)
(/usr/share/texmf-texlive/tex/latex/multirow/multirow.sty
\bigstrutjot=\dimen134
)
(/usr/share/texmf-texlive/tex/latex/caption/subcaption.sty
Package: subcaption 2008/08/31 v1.0b Adding subcaptions (AR)
\c@subfigure=\count108
\c@subtable=\count109
)
\@float@every@table=\toks23
 (./lab_report_1.aux

LaTeX Warning: Label `fig:original' multiply defined.


LaTeX Warning: Label `sub@fig:original' multiply defined.


LaTeX Warning: Label `fig:original' multiply defined.


LaTeX Warning: Label `sub@fig:original' multiply defined.

)
\openout1 = `lab_report_1.aux'.

LaTeX Font Info:    Checking defaults for OML/cmm/m/it on input line 46.
LaTeX Font Info:    ... okay on input line 46.
LaTeX Font Info:    Checking defaults for T1/cmr/m/n on input line 46.
LaTeX Font Info:    ... okay on input line 46.
LaTeX Font Info:    Checking defaults for OT1/cmr/m/n on input line 46.
LaTeX Font Info:    ... okay on input line 46.
LaTeX Font Info:    Checking defaults for OMS/cmsy/m/n on input line 46.
LaTeX Font Info:    ... okay on input line 46.
LaTeX Font Info:    Checking defaults for OMX/cmex/m/n on input line 46.
LaTeX Font Info:    ... okay on input line 46.
LaTeX Font Info:    Checking defaults for U/cmr/m/n on input line 46.
LaTeX Font Info:    ... okay on input line 46.
 (/usr/share/texmf-texlive/tex/context/base/supp-pdf.mkii
[Loading MPS to PDF converter (version 2006.09.02).]
\scratchcounter=\count110
\scratchdimen=\dimen135
\scratchbox=\box30
\nofMPsegments=\count111
\nofMParguments=\count112
\everyMPshowfont=\toks24
\MPscratchCnt=\count113
\MPscratchDim=\dimen136
\MPnumerator=\count114
\everyMPtoPDFconversion=\toks25
)
Package caption Info: Begin \AtBeginDocument code.
Package caption Info: End \AtBeginDocument code.
LaTeX Font Info:    Try loading font information for U+msa on input line 48.
 (/usr/share/texmf-texlive/tex/latex/amsfonts/umsa.fd
File: umsa.fd 2009/06/22 v3.00 AMS symbols A
)
LaTeX Font Info:    Try loading font information for U+msb on input line 48.

(/usr/share/texmf-texlive/tex/latex/amsfonts/umsb.fd
File: umsb.fd 2009/06/22 v3.00 AMS symbols B
)
<res/mini.PNG, id=1, 376.40625pt x 367.3725pt>
File: res/mini.PNG Graphic file (type png)
 <use res/mini.PNG> [1

{/var/lib/texmf/fonts/map/pdftex/updmap/pdftex.map} <./res/mini.PNG>] (./lab_re
port_1.toc)
\tf@toc=\write3
\openout3 = `lab_report_1.toc'.

[2]
LaTeX Font Info:    Try loading font information for OMS+cmr on input line 77.
 (/usr/share/texmf-texlive/tex/latex/base/omscmr.fd
File: omscmr.fd 1999/05/25 v2.5h Standard LaTeX font definitions
)
LaTeX Font Info:    Font shape `OMS/cmr/m/n' in size <10> not available
(Font)              Font shape `OMS/cmsy/m/n' tried instead on input line 77.

Overfull \hbox (2.86168pt too wide) in paragraph at lines 119--120
[]\OT1/cmr/m/n/10 Threshold value is the weighted sum of neigh-bour-hood val-ue
s where weights
 []

[3] <res/index.jpg, id=22, 501.875pt x 288.07625pt>
File: res/index.jpg Graphic file (type jpg)
 <use res/index.jpg>
<res/grayscale.jpg, id=23, 501.875pt x 288.07625pt>
File: res/grayscale.jpg Graphic file (type jpg)
 <use res/grayscale.jpg>
[4]
File: res/grayscale.jpg Graphic file (type jpg)
 <use res/grayscale.jpg> <res/tresh25.jpg, id=28, 501.875pt x 288.07625pt>
File: res/tresh25.jpg Graphic file (type jpg)

<use res/tresh25.jpg> <res/tresh50.jpg, id=29, 501.875pt x 288.07625pt>
File: res/tresh50.jpg Graphic file (type jpg)

<use res/tresh50.jpg> <res/tresh100.jpg, id=30, 501.875pt x 288.07625pt>
File: res/tresh100.jpg Graphic file (type jpg)

<use res/tresh100.jpg> <res/tresh150.jpg, id=31, 501.875pt x 288.07625pt>
File: res/tresh150.jpg Graphic file (type jpg)

<use res/tresh150.jpg> [5 <./res/index.jpg> <./res/grayscale.jpg>]
File: res/grayscale.jpg Graphic file (type jpg)

<use res/grayscale.jpg>
<res/gray_hist_all.jpg, id=36, 501.875pt x 288.07625pt>
File: res/gray_hist_all.jpg Graphic file (type jpg)

<use res/gray_hist_all.jpg>
<res/gray_hist_avg.jpg, id=37, 501.875pt x 288.07625pt>
File: res/gray_hist_avg.jpg Graphic file (type jpg)

<use res/gray_hist_avg.jpg> [6 <./res/tresh25.jpg> <./res/tresh50.jpg> <./res/t
resh100.jpg> <./res/tresh150.jpg>]
File: res/index.jpg Graphic file (type jpg)
 <use res/index.jpg>
<res/hist_all.jpg, id=41, 501.875pt x 288.07625pt>
File: res/hist_all.jpg Graphic file (type jpg)
 <use res/hist_all.jpg>
<res/hist_avg.jpg, id=42, 501.875pt x 288.07625pt>
File: res/hist_avg.jpg Graphic file (type jpg)
 <use res/hist_avg.jpg>
[7 <./res/gray_hist_all.jpg> <./res/gray_hist_avg.jpg>]
File: res/index.jpg Graphic file (type jpg)
 <use res/index.jpg>
<res/bright25.jpg, id=47, 501.875pt x 288.07625pt>
File: res/bright25.jpg Graphic file (type jpg)
 <use res/bright25.jpg>
<res/bright50.jpg, id=48, 501.875pt x 288.07625pt>
File: res/bright50.jpg Graphic file (type jpg)
 <use res/bright50.jpg>
<res/bright100.jpg, id=49, 501.875pt x 288.07625pt>
File: res/bright100.jpg Graphic file (type jpg)
 <use res/bright100.jpg>
<res/bright150.jpg, id=50, 501.875pt x 288.07625pt>
File: res/bright150.jpg Graphic file (type jpg)
 <use res/bright150.jpg>
[8 <./res/hist_all.jpg> <./res/hist_avg.jpg>]
No file lab_report_1.bbl.
[9 <./res/bright25.jpg> <./res/bright50.jpg> <./res/bright100.jpg> <./res/brigh
t150.jpg>] (./lab_report_1.aux)

LaTeX Warning: There were multiply-defined labels.

 ) 
Here is how much of TeX's memory you used:
 3545 strings out of 495026
 49470 string characters out of 1181801
 112960 words of memory out of 3000000
 6683 multiletter control sequences out of 15000+50000
 12103 words of font info for 47 fonts, out of 3000000 for 9000
 48 hyphenation exceptions out of 8191
 36i,7n,38p,627b,435s stack positions out of 5000i,500n,10000p,200000b,50000s
</usr/share/texmf-texlive/fonts/type1/public/amsfonts/cm/cmbx10.pfb></usr/sha
re/texmf-texlive/fonts/type1/public/amsfonts/cm/cmbx12.pfb></usr/share/texmf-te
xlive/fonts/type1/public/amsfonts/cm/cmcsc10.pfb></usr/share/texmf-texlive/font
s/type1/public/amsfonts/cm/cmmi10.pfb></usr/share/texmf-texlive/fonts/type1/pub
lic/amsfonts/cm/cmmi7.pfb></usr/share/texmf-texlive/fonts/type1/public/amsfonts
/cm/cmr10.pfb></usr/share/texmf-texlive/fonts/type1/public/amsfonts/cm/cmr12.pf
b></usr/share/texmf-texlive/fonts/type1/public/amsfonts/cm/cmr17.pfb></usr/shar
e/texmf-texlive/fonts/type1/public/amsfonts/cm/cmr9.pfb></usr/share/texmf-texli
ve/fonts/type1/public/amsfonts/cm/cmsy10.pfb>
Output written on lab_report_1.pdf (9 pages, 805163 bytes).
PDF statistics:
 89 PDF objects out of 1000 (max. 8388607)
 0 named destinations out of 1000 (max. 500000)
 76 words of extra memory for PDF output out of 10000 (max. 10000000)

